{"C:\\Users\\consudw\\Documents\\Sample\\events-master\\src\\App.js": {"path":"C:\\Users\\consudw\\Documents\\Sample\\events-master\\src\\App.js","statementMap":{"0":{"start":{"line":8,"column":12},"end":{"line":14,"column":1}},"1":{"start":{"line":9,"column":2},"end":{"line":13,"column":13}}},"fnMap":{"0":{"name":"(anonymous_0)","decl":{"start":{"line":8,"column":12},"end":{"line":8,"column":13}},"loc":{"start":{"line":9,"column":2},"end":{"line":13,"column":13}},"line":9}},"branchMap":{},"s":{"0":1,"1":1},"f":{"0":1},"b":{},"_coverageSchema":"43e27e138ebf9cfc5966b082cf9a028302ed4184","hash":"04a8ec7d6d66a6c3a09c5e9f8a21b3b7d8b24b31"}
,"C:\\Users\\consudw\\Documents\\Sample\\events-master\\src\\index.js": {"path":"C:\\Users\\consudw\\Documents\\Sample\\events-master\\src\\index.js","statementMap":{"0":{"start":{"line":7,"column":0},"end":{"line":12,"column":2}},"1":{"start":{"line":17,"column":0},"end":{"line":17,"column":27}}},"fnMap":{},"branchMap":{},"s":{"0":0,"1":0},"f":{},"b":{},"hash":"8085de2e19f3128631d58e2e7a531a1228cc1e6a"}
,"C:\\Users\\consudw\\Documents\\Sample\\events-master\\src\\serviceWorker.js": {"path":"C:\\Users\\consudw\\Documents\\Sample\\events-master\\src\\serviceWorker.js","statementMap":{"0":{"start":{"line":13,"column":20},"end":{"line":21,"column":1}},"1":{"start":{"line":24,"column":2},"end":{"line":54,"column":3}},"2":{"start":{"line":26,"column":22},"end":{"line":26,"column":75}},"3":{"start":{"line":27,"column":4},"end":{"line":32,"column":5}},"4":{"start":{"line":31,"column":6},"end":{"line":31,"column":13}},"5":{"start":{"line":34,"column":4},"end":{"line":53,"column":7}},"6":{"start":{"line":35,"column":20},"end":{"line":35,"column":65}},"7":{"start":{"line":37,"column":6},"end":{"line":52,"column":7}},"8":{"start":{"line":39,"column":8},"end":{"line":39,"column":47}},"9":{"start":{"line":43,"column":8},"end":{"line":48,"column":11}},"10":{"start":{"line":44,"column":10},"end":{"line":47,"column":12}},"11":{"start":{"line":51,"column":8},"end":{"line":51,"column":39}},"12":{"start":{"line":58,"column":2},"end":{"line":98,"column":7}},"13":{"start":{"line":61,"column":6},"end":{"line":94,"column":8}},"14":{"start":{"line":62,"column":33},"end":{"line":62,"column":56}},"15":{"start":{"line":63,"column":8},"end":{"line":65,"column":9}},"16":{"start":{"line":64,"column":10},"end":{"line":64,"column":17}},"17":{"start":{"line":66,"column":8},"end":{"line":93,"column":10}},"18":{"start":{"line":67,"column":10},"end":{"line":92,"column":11}},"19":{"start":{"line":68,"column":12},"end":{"line":91,"column":13}},"20":{"start":{"line":72,"column":14},"end":{"line":75,"column":16}},"21":{"start":{"line":78,"column":14},"end":{"line":80,"column":15}},"22":{"start":{"line":79,"column":16},"end":{"line":79,"column":46}},"23":{"start":{"line":85,"column":14},"end":{"line":85,"column":64}},"24":{"start":{"line":88,"column":14},"end":{"line":90,"column":15}},"25":{"start":{"line":89,"column":16},"end":{"line":89,"column":47}},"26":{"start":{"line":97,"column":6},"end":{"line":97,"column":72}},"27":{"start":{"line":103,"column":2},"end":{"line":128,"column":7}},"28":{"start":{"line":108,"column":26},"end":{"line":108,"column":62}},"29":{"start":{"line":109,"column":6},"end":{"line":122,"column":7}},"30":{"start":{"line":114,"column":8},"end":{"line":118,"column":11}},"31":{"start":{"line":115,"column":10},"end":{"line":117,"column":13}},"32":{"start":{"line":116,"column":12},"end":{"line":116,"column":37}},"33":{"start":{"line":121,"column":8},"end":{"line":121,"column":39}},"34":{"start":{"line":125,"column":6},"end":{"line":127,"column":8}},"35":{"start":{"line":132,"column":2},"end":{"line":140,"column":3}},"36":{"start":{"line":133,"column":4},"end":{"line":139,"column":9}},"37":{"start":{"line":135,"column":8},"end":{"line":135,"column":34}},"38":{"start":{"line":138,"column":8},"end":{"line":138,"column":37}}},"fnMap":{"0":{"name":"register","decl":{"start":{"line":23,"column":16},"end":{"line":23,"column":24}},"loc":{"start":{"line":23,"column":33},"end":{"line":55,"column":1}},"line":23},"1":{"name":"(anonymous_1)","decl":{"start":{"line":34,"column":36},"end":{"line":34,"column":37}},"loc":{"start":{"line":34,"column":42},"end":{"line":53,"column":5}},"line":34},"2":{"name":"(anonymous_2)","decl":{"start":{"line":43,"column":43},"end":{"line":43,"column":44}},"loc":{"start":{"line":43,"column":49},"end":{"line":48,"column":9}},"line":43},"3":{"name":"registerValidSW","decl":{"start":{"line":57,"column":9},"end":{"line":57,"column":24}},"loc":{"start":{"line":57,"column":40},"end":{"line":99,"column":1}},"line":57},"4":{"name":"(anonymous_4)","decl":{"start":{"line":60,"column":10},"end":{"line":60,"column":11}},"loc":{"start":{"line":60,"column":26},"end":{"line":95,"column":5}},"line":60},"5":{"name":"(anonymous_5)","decl":{"start":{"line":61,"column":35},"end":{"line":61,"column":36}},"loc":{"start":{"line":61,"column":41},"end":{"line":94,"column":7}},"line":61},"6":{"name":"(anonymous_6)","decl":{"start":{"line":66,"column":41},"end":{"line":66,"column":42}},"loc":{"start":{"line":66,"column":47},"end":{"line":93,"column":9}},"line":66},"7":{"name":"(anonymous_7)","decl":{"start":{"line":96,"column":11},"end":{"line":96,"column":12}},"loc":{"start":{"line":96,"column":20},"end":{"line":98,"column":5}},"line":96},"8":{"name":"checkValidServiceWorker","decl":{"start":{"line":101,"column":9},"end":{"line":101,"column":32}},"loc":{"start":{"line":101,"column":48},"end":{"line":129,"column":1}},"line":101},"9":{"name":"(anonymous_9)","decl":{"start":{"line":106,"column":10},"end":{"line":106,"column":11}},"loc":{"start":{"line":106,"column":22},"end":{"line":123,"column":5}},"line":106},"10":{"name":"(anonymous_10)","decl":{"start":{"line":114,"column":43},"end":{"line":114,"column":44}},"loc":{"start":{"line":114,"column":59},"end":{"line":118,"column":9}},"line":114},"11":{"name":"(anonymous_11)","decl":{"start":{"line":115,"column":41},"end":{"line":115,"column":42}},"loc":{"start":{"line":115,"column":47},"end":{"line":117,"column":11}},"line":115},"12":{"name":"(anonymous_12)","decl":{"start":{"line":124,"column":11},"end":{"line":124,"column":12}},"loc":{"start":{"line":124,"column":17},"end":{"line":128,"column":5}},"line":124},"13":{"name":"unregister","decl":{"start":{"line":131,"column":16},"end":{"line":131,"column":26}},"loc":{"start":{"line":131,"column":29},"end":{"line":141,"column":1}},"line":131},"14":{"name":"(anonymous_14)","decl":{"start":{"line":134,"column":12},"end":{"line":134,"column":13}},"loc":{"start":{"line":134,"column":28},"end":{"line":136,"column":7}},"line":134},"15":{"name":"(anonymous_15)","decl":{"start":{"line":137,"column":13},"end":{"line":137,"column":14}},"loc":{"start":{"line":137,"column":22},"end":{"line":139,"column":7}},"line":137}},"branchMap":{"0":{"loc":{"start":{"line":14,"column":2},"end":{"line":20,"column":5}},"type":"binary-expr","locations":[{"start":{"line":14,"column":2},"end":{"line":14,"column":42}},{"start":{"line":16,"column":4},"end":{"line":16,"column":40}},{"start":{"line":18,"column":4},"end":{"line":20,"column":5}}],"line":14},"1":{"loc":{"start":{"line":24,"column":2},"end":{"line":54,"column":3}},"type":"if","locations":[{"start":{"line":24,"column":2},"end":{"line":54,"column":3}},{"start":{"line":24,"column":2},"end":{"line":54,"column":3}}],"line":24},"2":{"loc":{"start":{"line":24,"column":6},"end":{"line":24,"column":75}},"type":"binary-expr","locations":[{"start":{"line":24,"column":6},"end":{"line":24,"column":43}},{"start":{"line":24,"column":47},"end":{"line":24,"column":75}}],"line":24},"3":{"loc":{"start":{"line":27,"column":4},"end":{"line":32,"column":5}},"type":"if","locations":[{"start":{"line":27,"column":4},"end":{"line":32,"column":5}},{"start":{"line":27,"column":4},"end":{"line":32,"column":5}}],"line":27},"4":{"loc":{"start":{"line":37,"column":6},"end":{"line":52,"column":7}},"type":"if","locations":[{"start":{"line":37,"column":6},"end":{"line":52,"column":7}},{"start":{"line":37,"column":6},"end":{"line":52,"column":7}}],"line":37},"5":{"loc":{"start":{"line":63,"column":8},"end":{"line":65,"column":9}},"type":"if","locations":[{"start":{"line":63,"column":8},"end":{"line":65,"column":9}},{"start":{"line":63,"column":8},"end":{"line":65,"column":9}}],"line":63},"6":{"loc":{"start":{"line":67,"column":10},"end":{"line":92,"column":11}},"type":"if","locations":[{"start":{"line":67,"column":10},"end":{"line":92,"column":11}},{"start":{"line":67,"column":10},"end":{"line":92,"column":11}}],"line":67},"7":{"loc":{"start":{"line":68,"column":12},"end":{"line":91,"column":13}},"type":"if","locations":[{"start":{"line":68,"column":12},"end":{"line":91,"column":13}},{"start":{"line":68,"column":12},"end":{"line":91,"column":13}}],"line":68},"8":{"loc":{"start":{"line":78,"column":14},"end":{"line":80,"column":15}},"type":"if","locations":[{"start":{"line":78,"column":14},"end":{"line":80,"column":15}},{"start":{"line":78,"column":14},"end":{"line":80,"column":15}}],"line":78},"9":{"loc":{"start":{"line":78,"column":18},"end":{"line":78,"column":43}},"type":"binary-expr","locations":[{"start":{"line":78,"column":18},"end":{"line":78,"column":24}},{"start":{"line":78,"column":28},"end":{"line":78,"column":43}}],"line":78},"10":{"loc":{"start":{"line":88,"column":14},"end":{"line":90,"column":15}},"type":"if","locations":[{"start":{"line":88,"column":14},"end":{"line":90,"column":15}},{"start":{"line":88,"column":14},"end":{"line":90,"column":15}}],"line":88},"11":{"loc":{"start":{"line":88,"column":18},"end":{"line":88,"column":44}},"type":"binary-expr","locations":[{"start":{"line":88,"column":18},"end":{"line":88,"column":24}},{"start":{"line":88,"column":28},"end":{"line":88,"column":44}}],"line":88},"12":{"loc":{"start":{"line":109,"column":6},"end":{"line":122,"column":7}},"type":"if","locations":[{"start":{"line":109,"column":6},"end":{"line":122,"column":7}},{"start":{"line":109,"column":6},"end":{"line":122,"column":7}}],"line":109},"13":{"loc":{"start":{"line":110,"column":8},"end":{"line":111,"column":73}},"type":"binary-expr","locations":[{"start":{"line":110,"column":8},"end":{"line":110,"column":31}},{"start":{"line":111,"column":9},"end":{"line":111,"column":28}},{"start":{"line":111,"column":32},"end":{"line":111,"column":72}}],"line":110},"14":{"loc":{"start":{"line":132,"column":2},"end":{"line":140,"column":3}},"type":"if","locations":[{"start":{"line":132,"column":2},"end":{"line":140,"column":3}},{"start":{"line":132,"column":2},"end":{"line":140,"column":3}}],"line":132}},"s":{"0":0,"1":0,"2":0,"3":0,"4":0,"5":0,"6":0,"7":0,"8":0,"9":0,"10":0,"11":0,"12":0,"13":0,"14":0,"15":0,"16":0,"17":0,"18":0,"19":0,"20":0,"21":0,"22":0,"23":0,"24":0,"25":0,"26":0,"27":0,"28":0,"29":0,"30":0,"31":0,"32":0,"33":0,"34":0,"35":0,"36":0,"37":0,"38":0},"f":{"0":0,"1":0,"2":0,"3":0,"4":0,"5":0,"6":0,"7":0,"8":0,"9":0,"10":0,"11":0,"12":0,"13":0,"14":0,"15":0},"b":{"0":[0,0,0],"1":[0,0],"2":[0,0],"3":[0,0],"4":[0,0],"5":[0,0],"6":[0,0],"7":[0,0],"8":[0,0],"9":[0,0],"10":[0,0],"11":[0,0],"12":[0,0],"13":[0,0,0],"14":[0,0]},"hash":"3f4146be0ebaada3d7bd2743b4713537a09d7dc9"}
,"C:\\Users\\consudw\\Documents\\Sample\\events-master\\src\\store.js": {"path":"C:\\Users\\consudw\\Documents\\Sample\\events-master\\src\\store.js","statementMap":{"0":{"start":{"line":5,"column":14},"end":{"line":5,"column":69}}},"fnMap":{},"branchMap":{},"s":{"0":1},"f":{},"b":{},"_coverageSchema":"43e27e138ebf9cfc5966b082cf9a028302ed4184","hash":"0a34e8fe1385aec414e89c25078d820b57f4dab7"}
,"C:\\Users\\consudw\\Documents\\Sample\\events-master\\src\\actions\\Newevent-action.js": {"path":"C:\\Users\\consudw\\Documents\\Sample\\events-master\\src\\actions\\Newevent-action.js","statementMap":{"0":{"start":{"line":1,"column":39},"end":{"line":6,"column":1}},"1":{"start":{"line":2,"column":4},"end":{"line":5,"column":5}},"2":{"start":{"line":8,"column":34},"end":{"line":14,"column":1}},"3":{"start":{"line":9,"column":4},"end":{"line":13,"column":5}},"4":{"start":{"line":10,"column":8},"end":{"line":12,"column":67}},"5":{"start":{"line":11,"column":30},"end":{"line":11,"column":45}},"6":{"start":{"line":12,"column":26},"end":{"line":12,"column":65}},"7":{"start":{"line":16,"column":36},"end":{"line":21,"column":1}},"8":{"start":{"line":17,"column":4},"end":{"line":20,"column":5}},"9":{"start":{"line":23,"column":31},"end":{"line":29,"column":1}},"10":{"start":{"line":24,"column":4},"end":{"line":28,"column":5}},"11":{"start":{"line":25,"column":8},"end":{"line":27,"column":64}},"12":{"start":{"line":26,"column":30},"end":{"line":26,"column":45}},"13":{"start":{"line":27,"column":26},"end":{"line":27,"column":62}},"14":{"start":{"line":31,"column":28},"end":{"line":37,"column":1}},"15":{"start":{"line":32,"column":4},"end":{"line":36,"column":5}},"16":{"start":{"line":33,"column":8},"end":{"line":35,"column":61}},"17":{"start":{"line":34,"column":30},"end":{"line":34,"column":45}},"18":{"start":{"line":35,"column":26},"end":{"line":35,"column":59}},"19":{"start":{"line":39,"column":33},"end":{"line":44,"column":1}},"20":{"start":{"line":40,"column":4},"end":{"line":43,"column":5}},"21":{"start":{"line":46,"column":29},"end":{"line":51,"column":1}},"22":{"start":{"line":47,"column":4},"end":{"line":50,"column":5}}},"fnMap":{"0":{"name":"(anonymous_0)","decl":{"start":{"line":1,"column":39},"end":{"line":1,"column":40}},"loc":{"start":{"line":1,"column":49},"end":{"line":6,"column":1}},"line":1},"1":{"name":"(anonymous_1)","decl":{"start":{"line":8,"column":34},"end":{"line":8,"column":35}},"loc":{"start":{"line":8,"column":40},"end":{"line":14,"column":1}},"line":8},"2":{"name":"(anonymous_2)","decl":{"start":{"line":9,"column":11},"end":{"line":9,"column":12}},"loc":{"start":{"line":9,"column":25},"end":{"line":13,"column":5}},"line":9},"3":{"name":"(anonymous_3)","decl":{"start":{"line":11,"column":18},"end":{"line":11,"column":19}},"loc":{"start":{"line":11,"column":30},"end":{"line":11,"column":45}},"line":11},"4":{"name":"(anonymous_4)","decl":{"start":{"line":12,"column":18},"end":{"line":12,"column":19}},"loc":{"start":{"line":12,"column":26},"end":{"line":12,"column":65}},"line":12},"5":{"name":"(anonymous_5)","decl":{"start":{"line":16,"column":36},"end":{"line":16,"column":37}},"loc":{"start":{"line":16,"column":46},"end":{"line":21,"column":1}},"line":16},"6":{"name":"(anonymous_6)","decl":{"start":{"line":23,"column":31},"end":{"line":23,"column":32}},"loc":{"start":{"line":23,"column":37},"end":{"line":29,"column":1}},"line":23},"7":{"name":"(anonymous_7)","decl":{"start":{"line":24,"column":11},"end":{"line":24,"column":12}},"loc":{"start":{"line":24,"column":25},"end":{"line":28,"column":5}},"line":24},"8":{"name":"(anonymous_8)","decl":{"start":{"line":26,"column":18},"end":{"line":26,"column":19}},"loc":{"start":{"line":26,"column":30},"end":{"line":26,"column":45}},"line":26},"9":{"name":"(anonymous_9)","decl":{"start":{"line":27,"column":18},"end":{"line":27,"column":19}},"loc":{"start":{"line":27,"column":26},"end":{"line":27,"column":62}},"line":27},"10":{"name":"(anonymous_10)","decl":{"start":{"line":31,"column":28},"end":{"line":31,"column":29}},"loc":{"start":{"line":31,"column":34},"end":{"line":37,"column":1}},"line":31},"11":{"name":"(anonymous_11)","decl":{"start":{"line":32,"column":11},"end":{"line":32,"column":12}},"loc":{"start":{"line":32,"column":25},"end":{"line":36,"column":5}},"line":32},"12":{"name":"(anonymous_12)","decl":{"start":{"line":34,"column":18},"end":{"line":34,"column":19}},"loc":{"start":{"line":34,"column":30},"end":{"line":34,"column":45}},"line":34},"13":{"name":"(anonymous_13)","decl":{"start":{"line":35,"column":18},"end":{"line":35,"column":19}},"loc":{"start":{"line":35,"column":26},"end":{"line":35,"column":59}},"line":35},"14":{"name":"(anonymous_14)","decl":{"start":{"line":39,"column":33},"end":{"line":39,"column":34}},"loc":{"start":{"line":39,"column":43},"end":{"line":44,"column":1}},"line":39},"15":{"name":"(anonymous_15)","decl":{"start":{"line":46,"column":29},"end":{"line":46,"column":30}},"loc":{"start":{"line":46,"column":39},"end":{"line":51,"column":1}},"line":46}},"branchMap":{},"s":{"0":1,"1":0,"2":1,"3":0,"4":0,"5":0,"6":0,"7":1,"8":1,"9":1,"10":0,"11":0,"12":0,"13":0,"14":1,"15":0,"16":0,"17":0,"18":0,"19":1,"20":0,"21":1,"22":0},"f":{"0":0,"1":0,"2":0,"3":0,"4":0,"5":1,"6":0,"7":0,"8":0,"9":0,"10":0,"11":0,"12":0,"13":0,"14":0,"15":0},"b":{},"_coverageSchema":"43e27e138ebf9cfc5966b082cf9a028302ed4184","hash":"3751dfbb68631d97c4e14889b102e9815213c443"}
,"C:\\Users\\consudw\\Documents\\Sample\\events-master\\src\\components\\about-component\\About-component.js": {"path":"C:\\Users\\consudw\\Documents\\Sample\\events-master\\src\\components\\about-component\\About-component.js","statementMap":{"0":{"start":{"line":5,"column":17},"end":{"line":60,"column":1}},"1":{"start":{"line":6,"column":4},"end":{"line":58,"column":5}},"2":{"start":{"line":35,"column":51},"end":{"line":35,"column":119}}},"fnMap":{"0":{"name":"(anonymous_0)","decl":{"start":{"line":5,"column":17},"end":{"line":5,"column":18}},"loc":{"start":{"line":5,"column":64},"end":{"line":60,"column":1}},"line":5},"1":{"name":"(anonymous_1)","decl":{"start":{"line":35,"column":41},"end":{"line":35,"column":42}},"loc":{"start":{"line":35,"column":51},"end":{"line":35,"column":119}},"line":35}},"branchMap":{"0":{"loc":{"start":{"line":10,"column":85},"end":{"line":10,"column":118}},"type":"cond-expr","locations":[{"start":{"line":10,"column":100},"end":{"line":10,"column":113}},{"start":{"line":10,"column":116},"end":{"line":10,"column":118}}],"line":10},"1":{"loc":{"start":{"line":13,"column":17},"end":{"line":13,"column":95}},"type":"binary-expr","locations":[{"start":{"line":13,"column":17},"end":{"line":13,"column":29}},{"start":{"line":13,"column":33},"end":{"line":13,"column":95}}],"line":13},"2":{"loc":{"start":{"line":27,"column":55},"end":{"line":27,"column":76}},"type":"cond-expr","locations":[{"start":{"line":27,"column":67},"end":{"line":27,"column":72}},{"start":{"line":27,"column":75},"end":{"line":27,"column":76}}],"line":27},"3":{"loc":{"start":{"line":29,"column":17},"end":{"line":29,"column":107}},"type":"binary-expr","locations":[{"start":{"line":29,"column":17},"end":{"line":29,"column":35}},{"start":{"line":29,"column":39},"end":{"line":29,"column":107}}],"line":29}},"s":{"0":3,"1":5,"2":3},"f":{"0":5,"1":3},"b":{"0":[4,1],"1":[5,4],"2":[1,4],"3":[5,4]},"_coverageSchema":"43e27e138ebf9cfc5966b082cf9a028302ed4184","hash":"af49d2d5da08aca1db81365ef4d211bdc6556517"}
,"C:\\Users\\consudw\\Documents\\Sample\\events-master\\src\\components\\cordinator-component\\Cordinator-component.js": {"path":"C:\\Users\\consudw\\Documents\\Sample\\events-master\\src\\components\\cordinator-component\\Cordinator-component.js","statementMap":{"0":{"start":{"line":5,"column":22},"end":{"line":24,"column":1}},"1":{"start":{"line":6,"column":4},"end":{"line":23,"column":11}},"2":{"start":{"line":12,"column":54},"end":{"line":12,"column":143}}},"fnMap":{"0":{"name":"(anonymous_0)","decl":{"start":{"line":5,"column":22},"end":{"line":5,"column":23}},"loc":{"start":{"line":6,"column":4},"end":{"line":23,"column":11}},"line":6},"1":{"name":"(anonymous_1)","decl":{"start":{"line":12,"column":44},"end":{"line":12,"column":45}},"loc":{"start":{"line":12,"column":54},"end":{"line":12,"column":143}},"line":12}},"branchMap":{"0":{"loc":{"start":{"line":10,"column":86},"end":{"line":10,"column":125}},"type":"cond-expr","locations":[{"start":{"line":10,"column":107},"end":{"line":10,"column":120}},{"start":{"line":10,"column":123},"end":{"line":10,"column":125}}],"line":10},"1":{"loc":{"start":{"line":15,"column":17},"end":{"line":15,"column":107}},"type":"binary-expr","locations":[{"start":{"line":15,"column":17},"end":{"line":15,"column":35}},{"start":{"line":15,"column":39},"end":{"line":15,"column":107}}],"line":15},"2":{"loc":{"start":{"line":20,"column":17},"end":{"line":20,"column":95}},"type":"binary-expr","locations":[{"start":{"line":20,"column":17},"end":{"line":20,"column":29}},{"start":{"line":20,"column":33},"end":{"line":20,"column":95}}],"line":20}},"s":{"0":3,"1":5,"2":8},"f":{"0":5,"1":8},"b":{"0":[4,1],"1":[5,4],"2":[5,4]},"_coverageSchema":"43e27e138ebf9cfc5966b082cf9a028302ed4184","hash":"fba2820efc8b15e6f287d7a8f7abe859711a3153"}
,"C:\\Users\\consudw\\Documents\\Sample\\events-master\\src\\components\\header\\Header-component.js": {"path":"C:\\Users\\consudw\\Documents\\Sample\\events-master\\src\\components\\header\\Header-component.js","statementMap":{"0":{"start":{"line":4,"column":18},"end":{"line":9,"column":1}},"1":{"start":{"line":5,"column":4},"end":{"line":8,"column":10}}},"fnMap":{"0":{"name":"(anonymous_0)","decl":{"start":{"line":4,"column":18},"end":{"line":4,"column":19}},"loc":{"start":{"line":5,"column":4},"end":{"line":8,"column":10}},"line":5}},"branchMap":{},"s":{"0":3,"1":4},"f":{"0":4},"b":{},"_coverageSchema":"43e27e138ebf9cfc5966b082cf9a028302ed4184","hash":"de4761b1709b89700bbca996e0675167248f35ae"}
,"C:\\Users\\consudw\\Documents\\Sample\\events-master\\src\\components\\newevent\\Newevent-container.js": {"path":"C:\\Users\\consudw\\Documents\\Sample\\events-master\\src\\components\\newevent\\Newevent-container.js","statementMap":{"0":{"start":{"line":16,"column":8},"end":{"line":16,"column":21}},"1":{"start":{"line":17,"column":8},"end":{"line":23,"column":10}},"2":{"start":{"line":27,"column":8},"end":{"line":27,"column":48}},"3":{"start":{"line":28,"column":8},"end":{"line":28,"column":45}},"4":{"start":{"line":29,"column":8},"end":{"line":29,"column":42}},"5":{"start":{"line":32,"column":24},"end":{"line":48,"column":5}},"6":{"start":{"line":33,"column":23},"end":{"line":33,"column":35}},"7":{"start":{"line":34,"column":19},"end":{"line":34,"column":30}},"8":{"start":{"line":35,"column":29},"end":{"line":35,"column":31}},"9":{"start":{"line":36,"column":8},"end":{"line":38,"column":9}},"10":{"start":{"line":37,"column":12},"end":{"line":37,"column":48}},"11":{"start":{"line":39,"column":8},"end":{"line":47,"column":10}},"12":{"start":{"line":40,"column":25},"end":{"line":40,"column":60}},"13":{"start":{"line":41,"column":12},"end":{"line":41,"column":40}},"14":{"start":{"line":42,"column":26},"end":{"line":45,"column":13}},"15":{"start":{"line":46,"column":12},"end":{"line":46,"column":24}},"16":{"start":{"line":50,"column":21},"end":{"line":50,"column":38}},"17":{"start":{"line":51,"column":21},"end":{"line":51,"column":23}},"18":{"start":{"line":52,"column":26},"end":{"line":52,"column":30}},"19":{"start":{"line":54,"column":8},"end":{"line":63,"column":9}},"20":{"start":{"line":55,"column":12},"end":{"line":55,"column":32}},"21":{"start":{"line":56,"column":12},"end":{"line":56,"column":58}},"22":{"start":{"line":59,"column":12},"end":{"line":62,"column":13}},"23":{"start":{"line":59,"column":73},"end":{"line":59,"column":100}},"24":{"start":{"line":60,"column":16},"end":{"line":60,"column":36}},"25":{"start":{"line":61,"column":16},"end":{"line":61,"column":90}},"26":{"start":{"line":64,"column":8},"end":{"line":67,"column":9}},"27":{"start":{"line":65,"column":12},"end":{"line":65,"column":32}},"28":{"start":{"line":66,"column":12},"end":{"line":66,"column":70}},"29":{"start":{"line":68,"column":8},"end":{"line":71,"column":9}},"30":{"start":{"line":69,"column":12},"end":{"line":69,"column":32}},"31":{"start":{"line":70,"column":12},"end":{"line":70,"column":70}},"32":{"start":{"line":72,"column":8},"end":{"line":75,"column":9}},"33":{"start":{"line":73,"column":12},"end":{"line":73,"column":32}},"34":{"start":{"line":74,"column":12},"end":{"line":74,"column":61}},"35":{"start":{"line":76,"column":8},"end":{"line":83,"column":9}},"36":{"start":{"line":78,"column":28},"end":{"line":78,"column":329}},"37":{"start":{"line":79,"column":12},"end":{"line":82,"column":13}},"38":{"start":{"line":80,"column":16},"end":{"line":80,"column":36}},"39":{"start":{"line":81,"column":16},"end":{"line":81,"column":66}},"40":{"start":{"line":84,"column":8},"end":{"line":86,"column":11}},"41":{"start":{"line":87,"column":8},"end":{"line":87,"column":27}},"42":{"start":{"line":90,"column":14},"end":{"line":96,"column":5}},"43":{"start":{"line":91,"column":8},"end":{"line":91,"column":41}},"44":{"start":{"line":92,"column":8},"end":{"line":95,"column":9}},"45":{"start":{"line":93,"column":12},"end":{"line":93,"column":64}},"46":{"start":{"line":94,"column":12},"end":{"line":94,"column":68}},"47":{"start":{"line":99,"column":8},"end":{"line":101,"column":9}},"48":{"start":{"line":100,"column":12},"end":{"line":100,"column":50}},"49":{"start":{"line":104,"column":50},"end":{"line":104,"column":60}},"50":{"start":{"line":105,"column":56},"end":{"line":105,"column":66}},"51":{"start":{"line":107,"column":8},"end":{"line":131,"column":9}},"52":{"start":{"line":135,"column":4},"end":{"line":141,"column":6}},"53":{"start":{"line":145,"column":4},"end":{"line":147,"column":6}}},"fnMap":{"0":{"name":"(anonymous_0)","decl":{"start":{"line":15,"column":4},"end":{"line":15,"column":5}},"loc":{"start":{"line":15,"column":23},"end":{"line":24,"column":5}},"line":15},"1":{"name":"(anonymous_1)","decl":{"start":{"line":26,"column":4},"end":{"line":26,"column":5}},"loc":{"start":{"line":26,"column":24},"end":{"line":30,"column":5}},"line":26},"2":{"name":"(anonymous_2)","decl":{"start":{"line":32,"column":24},"end":{"line":32,"column":25}},"loc":{"start":{"line":32,"column":35},"end":{"line":48,"column":5}},"line":32},"3":{"name":"(anonymous_3)","decl":{"start":{"line":39,"column":22},"end":{"line":39,"column":23}},"loc":{"start":{"line":39,"column":35},"end":{"line":47,"column":9}},"line":39},"4":{"name":"(anonymous_4)","decl":{"start":{"line":49,"column":4},"end":{"line":49,"column":5}},"loc":{"start":{"line":49,"column":19},"end":{"line":88,"column":5}},"line":49},"5":{"name":"(anonymous_5)","decl":{"start":{"line":59,"column":68},"end":{"line":59,"column":69}},"loc":{"start":{"line":59,"column":73},"end":{"line":59,"column":100}},"line":59},"6":{"name":"(anonymous_6)","decl":{"start":{"line":90,"column":14},"end":{"line":90,"column":15}},"loc":{"start":{"line":90,"column":20},"end":{"line":96,"column":5}},"line":90},"7":{"name":"(anonymous_7)","decl":{"start":{"line":98,"column":4},"end":{"line":98,"column":5}},"loc":{"start":{"line":98,"column":34},"end":{"line":102,"column":5}},"line":98},"8":{"name":"(anonymous_8)","decl":{"start":{"line":103,"column":4},"end":{"line":103,"column":5}},"loc":{"start":{"line":103,"column":13},"end":{"line":132,"column":5}},"line":103},"9":{"name":"mapStateToProps","decl":{"start":{"line":134,"column":9},"end":{"line":134,"column":24}},"loc":{"start":{"line":134,"column":32},"end":{"line":142,"column":1}},"line":134},"10":{"name":"mapDispatchToProps","decl":{"start":{"line":144,"column":9},"end":{"line":144,"column":27}},"loc":{"start":{"line":144,"column":38},"end":{"line":148,"column":1}},"line":144}},"branchMap":{"0":{"loc":{"start":{"line":36,"column":8},"end":{"line":38,"column":9}},"type":"if","locations":[{"start":{"line":36,"column":8},"end":{"line":38,"column":9}},{"start":{"line":36,"column":8},"end":{"line":38,"column":9}}],"line":36},"1":{"loc":{"start":{"line":54,"column":8},"end":{"line":63,"column":9}},"type":"if","locations":[{"start":{"line":54,"column":8},"end":{"line":63,"column":9}},{"start":{"line":54,"column":8},"end":{"line":63,"column":9}}],"line":54},"2":{"loc":{"start":{"line":59,"column":12},"end":{"line":62,"column":13}},"type":"if","locations":[{"start":{"line":59,"column":12},"end":{"line":62,"column":13}},{"start":{"line":59,"column":12},"end":{"line":62,"column":13}}],"line":59},"3":{"loc":{"start":{"line":59,"column":16},"end":{"line":59,"column":112}},"type":"binary-expr","locations":[{"start":{"line":59,"column":16},"end":{"line":59,"column":36}},{"start":{"line":59,"column":40},"end":{"line":59,"column":112}}],"line":59},"4":{"loc":{"start":{"line":64,"column":8},"end":{"line":67,"column":9}},"type":"if","locations":[{"start":{"line":64,"column":8},"end":{"line":67,"column":9}},{"start":{"line":64,"column":8},"end":{"line":67,"column":9}}],"line":64},"5":{"loc":{"start":{"line":68,"column":8},"end":{"line":71,"column":9}},"type":"if","locations":[{"start":{"line":68,"column":8},"end":{"line":71,"column":9}},{"start":{"line":68,"column":8},"end":{"line":71,"column":9}}],"line":68},"6":{"loc":{"start":{"line":72,"column":8},"end":{"line":75,"column":9}},"type":"if","locations":[{"start":{"line":72,"column":8},"end":{"line":75,"column":9}},{"start":{"line":72,"column":8},"end":{"line":75,"column":9}}],"line":72},"7":{"loc":{"start":{"line":76,"column":8},"end":{"line":83,"column":9}},"type":"if","locations":[{"start":{"line":76,"column":8},"end":{"line":83,"column":9}},{"start":{"line":76,"column":8},"end":{"line":83,"column":9}}],"line":76},"8":{"loc":{"start":{"line":79,"column":12},"end":{"line":82,"column":13}},"type":"if","locations":[{"start":{"line":79,"column":12},"end":{"line":82,"column":13}},{"start":{"line":79,"column":12},"end":{"line":82,"column":13}}],"line":79},"9":{"loc":{"start":{"line":92,"column":8},"end":{"line":95,"column":9}},"type":"if","locations":[{"start":{"line":92,"column":8},"end":{"line":95,"column":9}},{"start":{"line":92,"column":8},"end":{"line":95,"column":9}}],"line":92},"10":{"loc":{"start":{"line":99,"column":8},"end":{"line":101,"column":9}},"type":"if","locations":[{"start":{"line":99,"column":8},"end":{"line":101,"column":9}},{"start":{"line":99,"column":8},"end":{"line":101,"column":9}}],"line":99},"11":{"loc":{"start":{"line":110,"column":17},"end":{"line":128,"column":23}},"type":"cond-expr","locations":[{"start":{"line":110,"column":32},"end":{"line":116,"column":22}},{"start":{"line":116,"column":27},"end":{"line":128,"column":22}}],"line":110}},"s":{"0":1,"1":1,"2":1,"3":1,"4":1,"5":1,"6":0,"7":0,"8":0,"9":0,"10":0,"11":0,"12":0,"13":0,"14":0,"15":0,"16":0,"17":0,"18":0,"19":0,"20":0,"21":0,"22":0,"23":0,"24":0,"25":0,"26":0,"27":0,"28":0,"29":0,"30":0,"31":0,"32":0,"33":0,"34":0,"35":0,"36":0,"37":0,"38":0,"39":0,"40":0,"41":0,"42":1,"43":0,"44":0,"45":0,"46":0,"47":0,"48":0,"49":1,"50":1,"51":1,"52":2,"53":2},"f":{"0":1,"1":1,"2":0,"3":0,"4":0,"5":0,"6":0,"7":0,"8":1,"9":2,"10":2},"b":{"0":[0,0],"1":[0,0],"2":[0,0],"3":[0,0],"4":[0,0],"5":[0,0],"6":[0,0],"7":[0,0],"8":[0,0],"9":[0,0],"10":[0,0],"11":[0,1]},"_coverageSchema":"43e27e138ebf9cfc5966b082cf9a028302ed4184","hash":"64a29d0f37b52fada687cb16e70d0bd0ff1974b6"}
,"C:\\Users\\consudw\\Documents\\Sample\\events-master\\src\\components\\shared\\button\\Button.js": {"path":"C:\\Users\\consudw\\Documents\\Sample\\events-master\\src\\components\\shared\\button\\Button.js","statementMap":{"0":{"start":{"line":5,"column":20},"end":{"line":9,"column":1}},"1":{"start":{"line":6,"column":4},"end":{"line":8,"column":10}},"2":{"start":{"line":10,"column":0},"end":{"line":14,"column":1}}},"fnMap":{"0":{"name":"(anonymous_0)","decl":{"start":{"line":5,"column":20},"end":{"line":5,"column":21}},"loc":{"start":{"line":6,"column":4},"end":{"line":8,"column":10}},"line":6}},"branchMap":{},"s":{"0":3,"1":2,"2":3},"f":{"0":2},"b":{},"_coverageSchema":"43e27e138ebf9cfc5966b082cf9a028302ed4184","hash":"af313e2855f3124b34e23a1f4b0727eb03feda68"}
,"C:\\Users\\consudw\\Documents\\Sample\\events-master\\src\\components\\shared\\card\\card.js": {"path":"C:\\Users\\consudw\\Documents\\Sample\\events-master\\src\\components\\shared\\card\\card.js","statementMap":{"0":{"start":{"line":3,"column":13},"end":{"line":15,"column":1}},"1":{"start":{"line":4,"column":20},"end":{"line":4,"column":25}},"2":{"start":{"line":6,"column":4},"end":{"line":14,"column":15}},"3":{"start":{"line":16,"column":0},"end":{"line":18,"column":1}}},"fnMap":{"0":{"name":"(anonymous_0)","decl":{"start":{"line":3,"column":13},"end":{"line":3,"column":14}},"loc":{"start":{"line":3,"column":22},"end":{"line":15,"column":1}},"line":3}},"branchMap":{},"s":{"0":6,"1":10,"2":10,"3":6},"f":{"0":10},"b":{},"_coverageSchema":"43e27e138ebf9cfc5966b082cf9a028302ed4184","hash":"e7f2815302190843801b22317d51727eb48bfb18"}
,"C:\\Users\\consudw\\Documents\\Sample\\events-master\\src\\components\\when-Component\\When-component.js": {"path":"C:\\Users\\consudw\\Documents\\Sample\\events-master\\src\\components\\when-Component\\When-component.js","statementMap":{"0":{"start":{"line":5,"column":16},"end":{"line":41,"column":1}},"1":{"start":{"line":6,"column":8},"end":{"line":40,"column":15}}},"fnMap":{"0":{"name":"(anonymous_0)","decl":{"start":{"line":5,"column":16},"end":{"line":5,"column":17}},"loc":{"start":{"line":6,"column":8},"end":{"line":40,"column":15}},"line":6}},"branchMap":{},"s":{"0":3,"1":4},"f":{"0":4},"b":{},"_coverageSchema":"43e27e138ebf9cfc5966b082cf9a028302ed4184","hash":"e467333ba9259640d224f4c9b752a537caa93331"}
,"C:\\Users\\consudw\\Documents\\Sample\\events-master\\src\\reducers\\Newevent-reducer.js": {"path":"C:\\Users\\consudw\\Documents\\Sample\\events-master\\src\\reducers\\Newevent-reducer.js","statementMap":{"0":{"start":{"line":1,"column":20},"end":{"line":6,"column":1}},"1":{"start":{"line":9,"column":4},"end":{"line":30,"column":5}},"2":{"start":{"line":11,"column":29},"end":{"line":13,"column":13}},"3":{"start":{"line":14,"column":12},"end":{"line":14,"column":54}},"4":{"start":{"line":17,"column":29},"end":{"line":19,"column":13}},"5":{"start":{"line":20,"column":12},"end":{"line":20,"column":54}},"6":{"start":{"line":23,"column":12},"end":{"line":23,"column":73}},"7":{"start":{"line":26,"column":12},"end":{"line":26,"column":77}},"8":{"start":{"line":29,"column":12},"end":{"line":29,"column":24}}},"fnMap":{"0":{"name":"handleEventReducer","decl":{"start":{"line":8,"column":16},"end":{"line":8,"column":34}},"loc":{"start":{"line":8,"column":65},"end":{"line":32,"column":1}},"line":8}},"branchMap":{"0":{"loc":{"start":{"line":8,"column":35},"end":{"line":8,"column":54}},"type":"default-arg","locations":[{"start":{"line":8,"column":43},"end":{"line":8,"column":54}}],"line":8},"1":{"loc":{"start":{"line":9,"column":4},"end":{"line":30,"column":5}},"type":"switch","locations":[{"start":{"line":10,"column":8},"end":{"line":15,"column":9}},{"start":{"line":16,"column":8},"end":{"line":21,"column":9}},{"start":{"line":22,"column":8},"end":{"line":24,"column":9}},{"start":{"line":25,"column":8},"end":{"line":27,"column":9}},{"start":{"line":28,"column":8},"end":{"line":29,"column":24}}],"line":9}},"s":{"0":0,"1":0,"2":0,"3":0,"4":0,"5":0,"6":0,"7":0,"8":0},"f":{"0":0},"b":{"0":[0],"1":[0,0,0,0,0]},"hash":"251c92ca9de3b4c6ed8d80cc3e51667a4126675e"}
,"C:\\Users\\consudw\\Documents\\Sample\\events-master\\src\\redux\\actions\\Newevent-action.js": {"path":"C:\\Users\\consudw\\Documents\\Sample\\events-master\\src\\redux\\actions\\Newevent-action.js","statementMap":{"0":{"start":{"line":1,"column":39},"end":{"line":6,"column":1}},"1":{"start":{"line":2,"column":4},"end":{"line":5,"column":5}},"2":{"start":{"line":8,"column":34},"end":{"line":14,"column":1}},"3":{"start":{"line":9,"column":4},"end":{"line":13,"column":5}},"4":{"start":{"line":10,"column":8},"end":{"line":12,"column":67}},"5":{"start":{"line":11,"column":30},"end":{"line":11,"column":45}},"6":{"start":{"line":12,"column":26},"end":{"line":12,"column":65}},"7":{"start":{"line":16,"column":36},"end":{"line":21,"column":1}},"8":{"start":{"line":17,"column":4},"end":{"line":20,"column":5}},"9":{"start":{"line":23,"column":31},"end":{"line":29,"column":1}},"10":{"start":{"line":24,"column":4},"end":{"line":28,"column":5}},"11":{"start":{"line":25,"column":8},"end":{"line":27,"column":64}},"12":{"start":{"line":26,"column":30},"end":{"line":26,"column":45}},"13":{"start":{"line":27,"column":26},"end":{"line":27,"column":62}},"14":{"start":{"line":31,"column":28},"end":{"line":37,"column":1}},"15":{"start":{"line":32,"column":4},"end":{"line":36,"column":5}},"16":{"start":{"line":33,"column":8},"end":{"line":35,"column":61}},"17":{"start":{"line":34,"column":30},"end":{"line":34,"column":45}},"18":{"start":{"line":35,"column":26},"end":{"line":35,"column":59}},"19":{"start":{"line":39,"column":33},"end":{"line":44,"column":1}},"20":{"start":{"line":40,"column":4},"end":{"line":43,"column":5}},"21":{"start":{"line":46,"column":29},"end":{"line":51,"column":1}},"22":{"start":{"line":47,"column":4},"end":{"line":50,"column":5}}},"fnMap":{"0":{"name":"(anonymous_0)","decl":{"start":{"line":1,"column":39},"end":{"line":1,"column":40}},"loc":{"start":{"line":1,"column":49},"end":{"line":6,"column":1}},"line":1},"1":{"name":"(anonymous_1)","decl":{"start":{"line":8,"column":34},"end":{"line":8,"column":35}},"loc":{"start":{"line":8,"column":40},"end":{"line":14,"column":1}},"line":8},"2":{"name":"(anonymous_2)","decl":{"start":{"line":9,"column":11},"end":{"line":9,"column":12}},"loc":{"start":{"line":9,"column":25},"end":{"line":13,"column":5}},"line":9},"3":{"name":"(anonymous_3)","decl":{"start":{"line":11,"column":18},"end":{"line":11,"column":19}},"loc":{"start":{"line":11,"column":30},"end":{"line":11,"column":45}},"line":11},"4":{"name":"(anonymous_4)","decl":{"start":{"line":12,"column":18},"end":{"line":12,"column":19}},"loc":{"start":{"line":12,"column":26},"end":{"line":12,"column":65}},"line":12},"5":{"name":"(anonymous_5)","decl":{"start":{"line":16,"column":36},"end":{"line":16,"column":37}},"loc":{"start":{"line":16,"column":46},"end":{"line":21,"column":1}},"line":16},"6":{"name":"(anonymous_6)","decl":{"start":{"line":23,"column":31},"end":{"line":23,"column":32}},"loc":{"start":{"line":23,"column":37},"end":{"line":29,"column":1}},"line":23},"7":{"name":"(anonymous_7)","decl":{"start":{"line":24,"column":11},"end":{"line":24,"column":12}},"loc":{"start":{"line":24,"column":25},"end":{"line":28,"column":5}},"line":24},"8":{"name":"(anonymous_8)","decl":{"start":{"line":26,"column":18},"end":{"line":26,"column":19}},"loc":{"start":{"line":26,"column":30},"end":{"line":26,"column":45}},"line":26},"9":{"name":"(anonymous_9)","decl":{"start":{"line":27,"column":18},"end":{"line":27,"column":19}},"loc":{"start":{"line":27,"column":26},"end":{"line":27,"column":62}},"line":27},"10":{"name":"(anonymous_10)","decl":{"start":{"line":31,"column":28},"end":{"line":31,"column":29}},"loc":{"start":{"line":31,"column":34},"end":{"line":37,"column":1}},"line":31},"11":{"name":"(anonymous_11)","decl":{"start":{"line":32,"column":11},"end":{"line":32,"column":12}},"loc":{"start":{"line":32,"column":25},"end":{"line":36,"column":5}},"line":32},"12":{"name":"(anonymous_12)","decl":{"start":{"line":34,"column":18},"end":{"line":34,"column":19}},"loc":{"start":{"line":34,"column":30},"end":{"line":34,"column":45}},"line":34},"13":{"name":"(anonymous_13)","decl":{"start":{"line":35,"column":18},"end":{"line":35,"column":19}},"loc":{"start":{"line":35,"column":26},"end":{"line":35,"column":59}},"line":35},"14":{"name":"(anonymous_14)","decl":{"start":{"line":39,"column":33},"end":{"line":39,"column":34}},"loc":{"start":{"line":39,"column":43},"end":{"line":44,"column":1}},"line":39},"15":{"name":"(anonymous_15)","decl":{"start":{"line":46,"column":29},"end":{"line":46,"column":30}},"loc":{"start":{"line":46,"column":39},"end":{"line":51,"column":1}},"line":46}},"branchMap":{},"s":{"0":2,"1":0,"2":2,"3":1,"4":1,"5":0,"6":0,"7":2,"8":0,"9":2,"10":1,"11":1,"12":0,"13":0,"14":2,"15":1,"16":1,"17":0,"18":0,"19":2,"20":0,"21":2,"22":0},"f":{"0":0,"1":1,"2":1,"3":0,"4":0,"5":0,"6":1,"7":1,"8":0,"9":0,"10":1,"11":1,"12":0,"13":0,"14":0,"15":0},"b":{},"_coverageSchema":"43e27e138ebf9cfc5966b082cf9a028302ed4184","hash":"34d97720077941121c8c5ba025c2b33af8a97930"}
,"C:\\Users\\consudw\\Documents\\Sample\\events-master\\src\\redux\\reducers\\Newevent-reducer.js": {"path":"C:\\Users\\consudw\\Documents\\Sample\\events-master\\src\\redux\\reducers\\Newevent-reducer.js","statementMap":{"0":{"start":{"line":1,"column":20},"end":{"line":6,"column":1}},"1":{"start":{"line":9,"column":4},"end":{"line":30,"column":5}},"2":{"start":{"line":11,"column":29},"end":{"line":13,"column":13}},"3":{"start":{"line":14,"column":12},"end":{"line":14,"column":54}},"4":{"start":{"line":17,"column":29},"end":{"line":19,"column":13}},"5":{"start":{"line":20,"column":12},"end":{"line":20,"column":54}},"6":{"start":{"line":23,"column":12},"end":{"line":23,"column":73}},"7":{"start":{"line":26,"column":12},"end":{"line":26,"column":77}},"8":{"start":{"line":29,"column":12},"end":{"line":29,"column":24}}},"fnMap":{"0":{"name":"handleEventReducer","decl":{"start":{"line":8,"column":16},"end":{"line":8,"column":34}},"loc":{"start":{"line":8,"column":65},"end":{"line":32,"column":1}},"line":8}},"branchMap":{"0":{"loc":{"start":{"line":8,"column":35},"end":{"line":8,"column":54}},"type":"default-arg","locations":[{"start":{"line":8,"column":43},"end":{"line":8,"column":54}}],"line":8},"1":{"loc":{"start":{"line":9,"column":4},"end":{"line":30,"column":5}},"type":"switch","locations":[{"start":{"line":10,"column":8},"end":{"line":15,"column":9}},{"start":{"line":16,"column":8},"end":{"line":21,"column":9}},{"start":{"line":22,"column":8},"end":{"line":24,"column":9}},{"start":{"line":25,"column":8},"end":{"line":27,"column":9}},{"start":{"line":28,"column":8},"end":{"line":29,"column":24}}],"line":9}},"s":{"0":1,"1":1,"2":0,"3":0,"4":0,"5":0,"6":0,"7":0,"8":1},"f":{"0":1},"b":{"0":[1],"1":[0,0,0,0,1]},"_coverageSchema":"43e27e138ebf9cfc5966b082cf9a028302ed4184","hash":"74c57f519a4dc331dc75a57a8c584a98f4a41b1f"}
}
